<?xml version="1.0" encoding="UTF-8"?>
<!-- Generated by org.testng.reporters.JUnitReportReporter -->
<testsuite skipped="0" hostname="P11-AS-D5KJX52" name="com.Rest.RestAssuredFW.BaseTest" tests="1" failures="0" timestamp="26 Apr 2018 10:13:18 GMT" time="4.069" errors="0">
  <testcase name="SimpelRule" time="4.069" classname="com.Rest.RestAssuredFW.BaseTest"/>
</testsuite> <!-- com.Rest.RestAssuredFW.BaseTest -->
