<?xml version="1.0" encoding="UTF-8"?>
<!-- Generated by org.testng.reporters.JUnitReportReporter -->
<testsuite skipped="0" hostname="P11-AS-D5KJX52" name="com.Rest.RestAssuredFW.CreateSimpleRule" tests="1" failures="0" timestamp="27 Apr 2018 04:55:12 GMT" time="3.959" errors="0">
  <testcase name="SimpelRule" time="3.959" classname="com.Rest.RestAssuredFW.CreateSimpleRule"/>
</testsuite> <!-- com.Rest.RestAssuredFW.CreateSimpleRule -->
